TN:
SF:createAluno/index.ts
FN:8,httpTrigger
FNF:1
FNH:1
FNDA:4,httpTrigger
DA:1,1
DA:2,1
DA:3,1
DA:4,1
DA:5,1
DA:6,1
DA:7,1
DA:8,1
DA:9,4
DA:10,4
DA:11,4
DA:12,4
DA:13,4
DA:14,4
DA:15,4
DA:16,4
DA:17,4
DA:18,4
DA:19,4
DA:20,4
DA:21,1
DA:22,1
DA:23,1
DA:24,1
DA:25,1
DA:26,1
DA:27,1
DA:28,1
DA:29,3
DA:30,3
DA:31,3
DA:32,3
DA:33,3
DA:34,3
DA:35,3
DA:36,3
DA:37,4
DA:38,1
DA:39,1
LF:39
LH:39
BRDA:8,0,0,4
BRDA:20,1,0,1
BRDA:29,2,0,3
BRF:3
BRH:3
end_of_record
TN:
SF:createAluno/valida.ts
FN:3,Object.<anonymous>.exports.validaAluno
FNF:1
FNH:1
FNDA:4,Object.<anonymous>.exports.validaAluno
DA:1,1
DA:2,1
DA:3,1
DA:4,4
DA:5,4
DA:6,2
DA:7,2
DA:8,4
DA:9,2
DA:10,2
DA:11,4
DA:12,4
LF:12
LH:12
BRDA:3,0,0,4
BRDA:5,1,0,2
BRDA:8,2,0,2
BRF:3
BRH:3
end_of_record
TN:
SF:createDisciplina/index.ts
FN:6,httpTrigger
FNF:1
FNH:1
FNDA:3,httpTrigger
DA:1,1
DA:2,1
DA:3,1
DA:4,1
DA:5,1
DA:6,1
DA:7,3
DA:8,3
DA:9,3
DA:10,2
DA:11,2
DA:12,2
DA:13,2
DA:14,1
DA:15,1
DA:16,1
DA:17,1
DA:18,1
DA:19,1
DA:20,1
DA:21,1
DA:22,1
DA:23,1
DA:24,1
DA:25,1
DA:26,1
DA:27,1
DA:28,1
DA:29,1
DA:30,1
DA:31,1
DA:32,1
DA:33,1
DA:34,1
DA:35,1
DA:36,1
DA:37,1
DA:38,1
DA:39,1
DA:40,1
DA:41,3
DA:42,1
DA:43,1
LF:43
LH:43
BRDA:6,0,0,3
BRDA:9,1,0,2
BRDA:9,2,0,2
BRDA:13,3,0,1
BRDA:35,4,0,1
BRF:5
BRH:5
end_of_record
TN:
SF:createProfessor/index.ts
FN:7,httpTrigger
FNF:1
FNH:1
FNDA:3,httpTrigger
DA:1,1
DA:2,1
DA:3,1
DA:4,1
DA:5,1
DA:6,1
DA:7,1
DA:8,3
DA:9,3
DA:10,3
DA:11,1
DA:12,1
DA:13,1
DA:14,1
DA:15,1
DA:16,1
DA:17,1
DA:18,1
DA:19,1
DA:20,1
DA:21,1
DA:22,1
DA:23,1
DA:24,1
DA:25,2
DA:26,2
DA:27,2
DA:28,2
DA:29,2
DA:30,3
DA:31,1
DA:32,1
LF:32
LH:32
BRDA:7,0,0,3
BRDA:10,1,0,1
BRDA:10,2,0,1
BRDA:25,3,0,2
BRF:4
BRH:4
end_of_record
TN:
SF:createTurma/index.ts
FN:6,getAluno
FN:20,getDisciplina
FN:34,httpTrigger
FNF:3
FNH:3
FNDA:1,getAluno
FNDA:2,getDisciplina
FNDA:3,httpTrigger
DA:1,1
DA:2,1
DA:3,1
DA:4,1
DA:5,1
DA:6,1
DA:7,1
DA:8,1
DA:9,1
DA:10,1
DA:11,1
DA:12,1
DA:13,1
DA:14,0
DA:15,0
DA:16,0
DA:17,0
DA:18,1
DA:19,1
DA:20,1
DA:21,2
DA:22,2
DA:23,2
DA:24,2
DA:25,1
DA:26,1
DA:27,2
DA:28,1
DA:29,2
DA:30,0
DA:31,0
DA:32,2
DA:33,1
DA:34,1
DA:35,3
DA:36,3
DA:37,3
DA:38,3
DA:39,3
DA:40,3
DA:41,3
DA:42,3
DA:43,3
DA:44,3
DA:45,3
DA:46,2
DA:47,2
DA:48,0
DA:49,0
DA:50,0
DA:51,0
DA:52,0
DA:53,0
DA:54,0
DA:55,0
DA:56,0
DA:57,2
DA:58,2
DA:59,2
DA:60,2
DA:61,2
DA:62,2
DA:63,2
DA:64,1
DA:65,1
DA:66,1
DA:67,1
DA:68,1
DA:69,3
DA:70,1
DA:71,1
LF:71
LH:56
BRDA:6,0,0,1
BRDA:6,1,0,1
BRDA:14,2,0,0
BRDA:20,3,0,2
BRDA:20,4,0,2
BRDA:24,5,0,1
BRDA:28,6,0,1
BRDA:29,7,0,0
BRDA:34,8,0,3
BRDA:45,9,0,2
BRDA:45,10,0,2
BRDA:45,11,0,2
BRDA:45,12,0,2
BRDA:45,13,0,2
BRDA:47,14,0,1
BRDA:47,15,0,0
BRDA:64,16,0,1
BRF:17
BRH:14
end_of_record
TN:
SF:getAllAlunos/index.ts
FN:5,httpTrigger
FNF:1
FNH:1
FNDA:1,httpTrigger
DA:1,1
DA:2,1
DA:3,1
DA:4,1
DA:5,1
DA:6,1
DA:7,1
DA:8,1
DA:9,1
DA:10,1
DA:11,1
DA:12,1
DA:13,1
DA:14,1
DA:15,1
LF:15
LH:15
BRDA:5,0,0,1
BRF:1
BRH:1
end_of_record
TN:
SF:matriculaAluno/index.ts
FN:5,httpTrigger
FNF:1
FNH:1
FNDA:1,httpTrigger
DA:1,1
DA:2,1
DA:3,1
DA:4,1
DA:5,1
DA:6,1
DA:7,1
DA:8,1
DA:9,0
DA:10,0
DA:11,0
DA:12,0
DA:13,0
DA:14,0
DA:15,0
DA:16,0
DA:17,0
DA:18,0
DA:19,0
DA:20,0
DA:21,0
DA:22,0
DA:23,0
DA:24,0
DA:25,0
DA:26,0
DA:27,0
DA:28,0
DA:29,0
DA:30,0
DA:31,0
DA:32,0
DA:33,0
DA:34,0
DA:35,0
DA:36,0
DA:37,0
DA:38,0
DA:39,0
DA:40,0
DA:41,0
DA:42,0
DA:43,0
DA:44,0
DA:45,0
DA:46,0
DA:47,1
DA:48,1
DA:49,1
DA:50,1
DA:51,1
DA:52,1
DA:53,1
DA:54,1
LF:54
LH:16
BRDA:5,0,0,1
BRDA:8,1,0,0
BRDA:8,2,0,0
BRF:3
BRH:1
end_of_record
TN:
SF:shared/config.ts
FNF:0
FNH:0
DA:1,1
DA:2,1
DA:3,1
DA:4,1
DA:5,1
LF:5
LH:5
BRF:0
BRH:0
end_of_record
TN:
SF:shared/cosmos/index.ts
FN:16,Object.<anonymous>.exports.create
FN:26,Object.<anonymous>.exports.findAll
FN:39,Object.<anonymous>.exports.findById
FN:46,Object.<anonymous>.exports.deleteAllItems
FN:57,Object.<anonymous>.exports.findByName
FN:72,Object.<anonymous>.exports.update
FNF:6
FNH:4
FNDA:13,Object.<anonymous>.exports.create
FNDA:1,Object.<anonymous>.exports.findAll
FNDA:5,Object.<anonymous>.exports.findById
FNDA:9,Object.<anonymous>.exports.deleteAllItems
FNDA:0,Object.<anonymous>.exports.findByName
FNDA:0,Object.<anonymous>.exports.update
DA:1,1
DA:2,1
DA:3,1
DA:4,1
DA:5,1
DA:6,1
DA:7,1
DA:8,1
DA:9,1
DA:10,1
DA:11,1
DA:12,1
DA:13,1
DA:14,1
DA:15,1
DA:16,1
DA:17,13
DA:18,13
DA:19,13
DA:20,13
DA:21,13
DA:22,13
DA:23,13
DA:24,13
DA:25,1
DA:26,1
DA:27,1
DA:28,1
DA:29,1
DA:30,1
DA:31,1
DA:32,1
DA:33,1
DA:34,1
DA:35,1
DA:36,1
DA:37,1
DA:38,1
DA:39,1
DA:40,5
DA:41,5
DA:42,5
DA:43,5
DA:44,5
DA:45,1
DA:46,1
DA:47,9
DA:48,9
DA:49,9
DA:50,9
DA:51,9
DA:52,13
DA:53,13
DA:54,9
DA:55,9
DA:56,1
DA:57,1
DA:58,0
DA:59,0
DA:60,0
DA:61,0
DA:62,0
DA:63,0
DA:64,0
DA:65,0
DA:66,0
DA:67,0
DA:68,0
DA:69,0
DA:70,0
DA:71,1
DA:72,1
DA:73,0
DA:74,0
DA:75,0
DA:76,0
LF:76
LH:59
BRDA:16,0,0,13
BRDA:16,1,0,13
BRDA:26,2,0,1
BRDA:26,3,0,1
BRDA:39,4,0,5
BRDA:39,5,0,5
BRDA:46,6,0,9
BRDA:46,7,0,9
BRDA:51,8,0,13
BRF:9
BRH:9
end_of_record
TN:
SF:testing/defaultContext.ts
FNF:0
FNH:0
DA:1,1
DA:2,1
DA:3,1
DA:4,1
DA:5,1
LF:5
LH:5
BRF:0
BRH:0
end_of_record
