TN:
SF:createAluno/index.ts
FN:7,httpTrigger
FNF:1
FNH:1
FNDA:4,httpTrigger
DA:1,1
DA:2,1
DA:3,1
DA:4,1
DA:5,1
DA:6,1
DA:7,1
DA:8,4
DA:9,4
DA:10,4
DA:11,4
DA:12,4
DA:13,4
DA:14,4
DA:15,4
DA:16,4
DA:17,4
DA:18,4
DA:19,4
DA:20,1
DA:21,0
DA:22,0
DA:23,0
DA:24,0
DA:25,0
DA:26,0
DA:27,0
DA:28,3
DA:29,3
DA:30,3
DA:31,3
DA:32,3
DA:33,3
DA:34,3
DA:35,4
DA:36,1
DA:37,1
LF:37
LH:30
BRDA:7,0,0,4
BRDA:19,1,0,1
BRDA:21,2,0,0
BRDA:28,3,0,3
BRF:4
BRH:3
end_of_record
TN:
SF:createAluno/valida.ts
FN:1,Object.<anonymous>.exports.validaAluno
FNF:1
FNH:1
FNDA:4,Object.<anonymous>.exports.validaAluno
DA:1,1
DA:2,4
DA:3,4
DA:4,2
DA:5,2
DA:6,4
DA:7,2
DA:8,2
DA:9,4
DA:10,4
LF:10
LH:10
BRDA:1,0,0,4
BRDA:3,1,0,2
BRDA:6,2,0,2
BRF:3
BRH:3
end_of_record
TN:
SF:createDisciplina/index.ts
FN:5,httpTrigger
FNF:1
FNH:1
FNDA:1,httpTrigger
DA:1,1
DA:2,1
DA:3,1
DA:4,1
DA:5,1
DA:6,1
DA:7,1
DA:8,1
DA:9,1
DA:10,1
DA:11,1
DA:12,1
DA:13,1
DA:14,1
DA:15,1
DA:16,1
DA:17,1
DA:18,1
DA:19,1
DA:20,1
DA:21,1
DA:22,1
DA:23,1
DA:24,1
DA:25,0
DA:26,0
DA:27,0
DA:28,0
DA:29,0
DA:30,0
DA:31,1
DA:32,1
DA:33,0
DA:34,0
DA:35,0
DA:36,0
DA:37,0
DA:38,0
DA:39,1
DA:40,1
DA:41,1
LF:41
LH:29
BRDA:5,0,0,1
BRDA:24,1,0,0
BRDA:33,2,0,0
BRF:3
BRH:1
end_of_record
TN:
SF:getAllAlunos/index.ts
FN:5,httpTrigger
FNF:1
FNH:1
FNDA:1,httpTrigger
DA:1,1
DA:2,1
DA:3,1
DA:4,1
DA:5,1
DA:6,1
DA:7,1
DA:8,0
DA:9,0
DA:10,0
DA:11,0
DA:12,0
DA:13,1
DA:14,1
DA:15,1
LF:15
LH:10
BRDA:5,0,0,1
BRDA:8,1,0,0
BRF:2
BRH:1
end_of_record
TN:
SF:shared/config.ts
FNF:0
FNH:0
DA:1,1
DA:2,1
DA:3,1
DA:4,1
DA:5,1
LF:5
LH:5
BRF:0
BRH:0
end_of_record
TN:
SF:shared/cosmos/index.ts
FN:18,create
FN:28,findAll
FN:41,findById
FN:46,deleteAllItems
FN:51,findByName
FNF:5
FNH:4
FNDA:3,create
FNDA:1,findAll
FNDA:1,findById
FNDA:1,deleteAllItems
FNDA:0,findByName
DA:1,1
DA:2,1
DA:3,1
DA:4,1
DA:5,1
DA:6,1
DA:7,1
DA:8,1
DA:9,1
DA:10,1
DA:11,1
DA:12,1
DA:13,1
DA:14,1
DA:15,1
DA:16,1
DA:17,1
DA:18,1
DA:19,3
DA:20,3
DA:21,2
DA:22,2
DA:23,2
DA:24,2
DA:25,2
DA:26,2
DA:27,1
DA:28,1
DA:29,1
DA:30,1
DA:31,1
DA:32,1
DA:33,1
DA:34,1
DA:35,1
DA:36,1
DA:37,0
DA:38,0
DA:39,0
DA:40,1
DA:41,1
DA:42,1
DA:43,1
DA:44,1
DA:45,1
DA:46,1
DA:47,1
DA:48,1
DA:49,1
DA:50,1
DA:51,1
DA:52,0
DA:53,0
DA:54,0
DA:55,0
DA:56,0
DA:57,0
DA:58,0
DA:59,0
DA:60,0
DA:61,0
DA:62,0
DA:63,0
DA:64,0
DA:65,1
DA:66,1
LF:66
LH:50
BRDA:18,0,0,3
BRDA:18,1,0,3
BRDA:21,2,0,2
BRDA:28,3,0,1
BRDA:28,4,0,1
BRDA:37,5,0,0
BRDA:41,6,0,1
BRDA:41,7,0,1
BRDA:46,8,0,1
BRDA:46,9,0,1
BRF:10
BRH:9
end_of_record
TN:
SF:testing/defaultContext.ts
FNF:0
FNH:0
DA:1,1
DA:2,1
DA:3,1
DA:4,1
DA:5,1
LF:5
LH:5
BRF:0
BRH:0
end_of_record
